# JRE version: Java(TM) SE Runtime Environment (23.0.1+11) (build 23.0.1+11-39)
# Java VM: Java HotSpot(TM) 64-Bit Server VM (23.0.1+11-39, mixed mode, sharing, tiered, compressed oops, compressed class ptrs, g1 gc, windows-amd64)
GC Precious Log:
 CardTable entry size: 512
 Card Set container configuration: InlinePtr #cards 5 size 8 Array Of Cards #cards 10 size 36 Howl #buckets 4 coarsen threshold 1843 Howl Bitmap #cards 512 size 80 coarsen threshold 460 Card regions per heap region 1 cards per card region 2048
 CPUs: 4 total, 4 available
 Memory: 4011M
 Large Page Support: Disabled
 NUMA Support: Disabled
 Compressed Oops: Enabled (32-bit)
 Heap Region Size: 1M
 Heap Min Capacity: 8M
 Heap Initial Capacity: 64M
 Heap Max Capacity: 1004M
 Pre-touch: Disabled
 Parallel Workers: 4
 Concurrent Workers: 1
 Concurrent Refinement Workers: 4
 Periodic GC: Disabled
Heap:
 garbage-first heap   total reserved 1028096K, committed 57344K, used 33052K [0x00000000c1400000, 0x0000000100000000)
  region size 1024K, 8 young (8192K), 1 survivors (1024K)
 Metaspace       used 37508K, committed 37952K, reserved 1114112K
  class space    used 4474K, committed 4672K, reserved 1048576K
GC Heap History (20 events):
Event: 9.982 GC heap before
{Heap before GC invocations=4 (full 0):
 garbage-first heap   total reserved 1028096K, committed 65536K, used 40712K [0x00000000c1400000, 0x0000000100000000)
  region size 1024K, 36 young (36864K), 4 survivors (4096K)
 Metaspace       used 17263K, committed 17600K, reserved 1114112K
  class space    used 2113K, committed 2240K, reserved 1048576K
}
Event: 10.034 GC heap after
{Heap after GC invocations=5 (full 0):
 garbage-first heap   total reserved 1028096K, committed 65536K, used 10583K [0x00000000c1400000, 0x0000000100000000)
  region size 1024K, 3 young (3072K), 3 survivors (3072K)
 Metaspace       used 17263K, committed 17600K, reserved 1114112K
  class space    used 2113K, committed 2240K, reserved 1048576K
}
Event: 11.181 GC heap before
{Heap before GC invocations=5 (full 0):
 garbage-first heap   total reserved 1028096K, committed 65536K, used 19799K [0x00000000c1400000, 0x0000000100000000)
  region size 1024K, 13 young (13312K), 3 survivors (3072K)
 Metaspace       used 21206K, committed 21504K, reserved 1114112K
  class space    used 2612K, committed 2752K, reserved 1048576K
}
Event: 11.201 GC heap after
{Heap after GC invocations=6 (full 0):
 garbage-first heap   total reserved 1028096K, committed 78848K, used 11456K [0x00000000c1400000, 0x0000000100000000)
  region size 1024K, 4 young (4096K), 4 survivors (4096K)
 Metaspace       used 21206K, committed 21504K, reserved 1114112K
  class space    used 2612K, committed 2752K, reserved 1048576K
}
Event: 13.002 GC heap before
{Heap before GC invocations=7 (full 0):
 garbage-first heap   total reserved 1028096K, committed 40960K, used 31936K [0x00000000c1400000, 0x0000000100000000)
  region size 1024K, 24 young (24576K), 4 survivors (4096K)
 Metaspace       used 25986K, committed 26368K, reserved 1114112K
  class space    used 3155K, committed 3328K, reserved 1048576K
}
Event: 13.046 GC heap after
{Heap after GC invocations=8 (full 0):
 garbage-first heap   total reserved 1028096K, committed 41984K, used 17315K [0x00000000c1400000, 0x0000000100000000)
  region size 1024K, 3 young (3072K), 3 survivors (3072K)
 Metaspace       used 25986K, committed 26368K, reserved 1114112K
  class space    used 3155K, committed 3328K, reserved 1048576K
}
Event: 13.710 GC heap before
{Heap before GC invocations=8 (full 0):
 garbage-first heap   total reserved 1028096K, committed 41984K, used 33699K [0x00000000c1400000, 0x0000000100000000)
  region size 1024K, 19 young (19456K), 3 survivors (3072K)
 Metaspace       used 26466K, committed 26816K, reserved 1114112K
  class space    used 3201K, committed 3328K, reserved 1048576K
}
Event: 13.760 GC heap after
{Heap after GC invocations=9 (full 0):
 garbage-first heap   total reserved 1028096K, committed 41984K, used 20266K [0x00000000c1400000, 0x0000000100000000)
  region size 1024K, 3 young (3072K), 3 survivors (3072K)
 Metaspace       used 26466K, committed 26816K, reserved 1114112K
  class space    used 3201K, committed 3328K, reserved 1048576K
}
Event: 15.033 GC heap before
{Heap before GC invocations=9 (full 0):
 garbage-first heap   total reserved 1028096K, committed 41984K, used 34602K [0x00000000c1400000, 0x0000000100000000)
  region size 1024K, 17 young (17408K), 3 survivors (3072K)
 Metaspace       used 27800K, committed 28160K, reserved 1114112K
  class space    used 3343K, committed 3456K, reserved 1048576K
}
Event: 15.061 GC heap after
{Heap after GC invocations=10 (full 0):
 garbage-first heap   total reserved 1028096K, committed 41984K, used 22493K [0x00000000c1400000, 0x0000000100000000)
  region size 1024K, 2 young (2048K), 2 survivors (2048K)
 Metaspace       used 27800K, committed 28160K, reserved 1114112K
  class space    used 3343K, committed 3456K, reserved 1048576K
}
Event: 15.919 GC heap before
{Heap before GC invocations=10 (full 0):
 garbage-first heap   total reserved 1028096K, committed 41984K, used 35805K [0x00000000c1400000, 0x0000000100000000)
  region size 1024K, 15 young (15360K), 2 survivors (2048K)
 Metaspace       used 27984K, committed 28288K, reserved 1114112K
  class space    used 3348K, committed 3456K, reserved 1048576K
}
Event: 15.948 GC heap after
{Heap after GC invocations=11 (full 0):
 garbage-first heap   total reserved 1028096K, committed 41984K, used 23597K [0x00000000c1400000, 0x0000000100000000)
  region size 1024K, 2 young (2048K), 2 survivors (2048K)
 Metaspace       used 27984K, committed 28288K, reserved 1114112K
  class space    used 3348K, committed 3456K, reserved 1048576K
}
Event: 16.465 GC heap before
{Heap before GC invocations=12 (full 0):
 garbage-first heap   total reserved 1028096K, committed 41984K, used 35885K [0x00000000c1400000, 0x0000000100000000)
  region size 1024K, 14 young (14336K), 2 survivors (2048K)
 Metaspace       used 28090K, committed 28416K, reserved 1114112K
  class space    used 3349K, committed 3456K, reserved 1048576K
}
Event: 16.473 GC heap after
{Heap after GC invocations=13 (full 0):
 garbage-first heap   total reserved 1028096K, committed 41984K, used 23773K [0x00000000c1400000, 0x0000000100000000)
  region size 1024K, 2 young (2048K), 2 survivors (2048K)
 Metaspace       used 28090K, committed 28416K, reserved 1114112K
  class space    used 3349K, committed 3456K, reserved 1048576K
}
Event: 17.347 GC heap before
{Heap before GC invocations=13 (full 0):
 garbage-first heap   total reserved 1028096K, committed 41984K, used 35037K [0x00000000c1400000, 0x0000000100000000)
  region size 1024K, 14 young (14336K), 2 survivors (2048K)
 Metaspace       used 30335K, committed 30784K, reserved 1114112K
  class space    used 3567K, committed 3776K, reserved 1048576K
}
Event: 17.373 GC heap after
{Heap after GC invocations=14 (full 0):
 garbage-first heap   total reserved 1028096K, committed 57344K, used 24207K [0x00000000c1400000, 0x0000000100000000)
  region size 1024K, 2 young (2048K), 2 survivors (2048K)
 Metaspace       used 30335K, committed 30784K, reserved 1114112K
  class space    used 3567K, committed 3776K, reserved 1048576K
}
Event: 21.386 GC heap before
{Heap before GC invocations=14 (full 0):
 garbage-first heap   total reserved 1028096K, committed 57344K, used 45711K [0x00000000c1400000, 0x0000000100000000)
  region size 1024K, 24 young (24576K), 2 survivors (2048K)
 Metaspace       used 35788K, committed 36160K, reserved 1114112K
  class space    used 4255K, committed 4416K, reserved 1048576K
}
Event: 21.422 GC heap after
{Heap after GC invocations=15 (full 0):
 garbage-first heap   total reserved 1028096K, committed 57344K, used 27098K [0x00000000c1400000, 0x0000000100000000)
  region size 1024K, 3 young (3072K), 3 survivors (3072K)
 Metaspace       used 35788K, committed 36160K, reserved 1114112K
  class space    used 4255K, committed 4416K, reserved 1048576K
}
Event: 23.782 GC heap before
{Heap before GC invocations=15 (full 0):
 garbage-first heap   total reserved 1028096K, committed 57344K, used 46554K [0x00000000c1400000, 0x0000000100000000)
  region size 1024K, 23 young (23552K), 3 survivors (3072K)
 Metaspace       used 36579K, committed 36928K, reserved 1114112K
  class space    used 4319K, committed 4480K, reserved 1048576K
}
Event: 23.803 GC heap after
{Heap after GC invocations=16 (full 0):
 garbage-first heap   total reserved 1028096K, committed 57344K, used 27932K [0x00000000c1400000, 0x0000000100000000)
  region size 1024K, 1 young (1024K), 1 survivors (1024K)
 Metaspace       used 36579K, committed 36928K, reserved 1114112K
  class space    used 4319K, committed 4480K, reserved 1048576K
}

